<?xml version="1.0" encoding="UTF-8" ?>
<testsuite errors="0" failures="1" hostname="MSI" name="GreeterTest" skipped="0" tests="1" time="0.256" timestamp="2019-05-23T15:34:19">
  <properties>
[...]
</properties>
  <testcase classname="GreeterTest" name="test" time="0.016">
    <failure message="You did not print anything!" type="junit.framework.AssertionFailedError">junit.framework.AssertionFailedError: You did not print anything!
	at GreeterTest.test(GreeterTest.java:22)
	at fi.helsinki.cs.tmc.edutestutils.MockStdio$1.evaluate(MockStdio.java:106)
</failure>
  </testcase>
  <system-out><![CDATA[]]></system-out>
  <system-err><![CDATA[]]></system-err>
</testsuite>
